[12:33:21.671] [INFO] storybook v10.3.6
[12:33:21.768] [DEBUG] Getting package.json info for /Users/calvinwebster/Documents/repos/ttc-design-system/package.json...
[12:33:21.868] [WARN] No story files found for the specified pattern: [34msrc/**/*.mdx[39m
[12:33:21.890] [WARN] 🚨 Unable to index ./src/components/factbook/factbook-grid.stories.js:
  NoMetaError: CSF: missing default export /Users/calvinwebster/Documents/repos/ttc-design-system/src/components/factbook/factbook-grid.stories.js (line 1, col 0)

More info: https://storybook.js.org/docs/writing-stories?ref=error#default-export
    at CsfFile.parse (file:///Users/calvinwebster/Documents/repos/ttc-design-system/node_modules/storybook/dist/_node-chunks/chunk-TTCWCDY7.js:456:13)
    at Object.createIndex (file:///Users/calvinwebster/Documents/repos/ttc-design-system/node_modules/storybook/dist/core-server/presets/common-preset.js:1814:154)
    at async _StoryIndexGenerator.extractStories (file:///Users/calvinwebster/Documents/repos/ttc-design-system/node_modules/storybook/dist/core-server/index.js:6107:23)
    at async file:///Users/calvinwebster/Documents/repos/ttc-design-system/node_modules/storybook/dist/core-server/index.js:6028:39
    at async Promise.all (index 5)
    at async Promise.all (index 0)
    at async _StoryIndexGenerator.updateExtracted (file:///Users/calvinwebster/Documents/repos/ttc-design-system/node_modules/storybook/dist/core-server/index.js:6016:5)
    at async _StoryIndexGenerator.ensureExtracted (file:///Users/calvinwebster/Documents/repos/ttc-design-system/node_modules/storybook/dist/core-server/index.js:6051:5)
    at async _StoryIndexGenerator.initialize (file:///Users/calvinwebster/Documents/repos/ttc-design-system/node_modules/storybook/dist/core-server/index.js:6012:5)
    at async file:///Users/calvinwebster/Documents/repos/ttc-design-system/node_modules/storybook/dist/core-server/presets/common-preset.js:1855:10
[12:33:21.892] [ERROR] Error: Unable to index ./src/components/factbook/factbook-grid.stories.js
    at _StoryIndexGenerator.getIndexAndStats (file://./node_modules/storybook/dist/core-server/index.js:6282:15)
    at async _StoryIndexGenerator.getIndex (file://./node_modules/storybook/dist/core-server/index.js:6271:13)
    at async Object.experimental_serverChannel (file://./node_modules/@storybook/addon-vitest/dist/preset.js:464:14)
    at async buildDevStandalone (file://./node_modules/storybook/dist/core-server/index.js:8027:32)
    at async withTelemetry (file://./node_modules/storybook/dist/_node-chunks/chunk-UYONHJJP.js:225:12)
    at async dev (file://./node_modules/storybook/dist/bin/core.js:2736:3)
    at async _Command.<anonymous> (file://./node_modules/storybook/dist/bin/core.js:2806:92)
[12:33:21.892] [WARN] Broken build, fix the error above.
You may need to refresh the browser.
[12:33:25.192] [PROMPT] Would you like to send anonymous crash reports to improve Storybook and fix bugs faster? {"choice":true}